[2017-09-07 08:06:02] local.ERROR: ErrorException: file_put_contents(C:\Intel\e-learning\storage\framework/sessions/2KGJzvBxiR3g59IXhAbxH6vRGO5rKCMUj3Txbej6): failed to open stream: No such file or directory in C:\Intel\e-learning\vendor\laravel\framework\src\Illuminate\Filesystem\Filesystem.php:122
Stack trace:
#0 [internal function]: Illuminate\Foundation\Bootstrap\HandleExceptions->handleError(2, 'file_put_conten...', 'C:\\Intel\\e-lear...', 122, Array)
#1 C:\Intel\e-learning\vendor\laravel\framework\src\Illuminate\Filesystem\Filesystem.php(122): file_put_contents('C:\\Intel\\e-lear...', 'a:4:{s:6:"_toke...', 2)
#2 C:\Intel\e-learning\vendor\laravel\framework\src\Illuminate\Session\FileSessionHandler.php(83): Illuminate\Filesystem\Filesystem->put('C:\\Intel\\e-lear...', 'a:4:{s:6:"_toke...', true)
#3 C:\Intel\e-learning\vendor\laravel\framework\src\Illuminate\Session\Store.php(128): Illuminate\Session\FileSessionHandler->write('2KGJzvBxiR3g59I...', 'a:4:{s:6:"_toke...')
#4 C:\Intel\e-learning\vendor\laravel\framework\src\Illuminate\Session\Middleware\StartSession.php(88): Illuminate\Session\Store->save()
#5 C:\Intel\e-learning\vendor\laravel\framework\src\Illuminate\Foundation\Http\Kernel.php(218): Illuminate\Session\Middleware\StartSession->terminate(Object(Illuminate\Http\Request), Object(Illuminate\Http\RedirectResponse))
#6 C:\Intel\e-learning\vendor\laravel\framework\src\Illuminate\Foundation\Http\Kernel.php(189): Illuminate\Foundation\Http\Kernel->terminateMiddleware(Object(Illuminate\Http\Request), Object(Illuminate\Http\RedirectResponse))
#7 C:\Intel\e-learning\public\index.php(58): Illuminate\Foundation\Http\Kernel->terminate(Object(Illuminate\Http\Request), Object(Illuminate\Http\RedirectResponse))
#8 C:\Intel\e-learning\server.php(21): require_once('C:\\Intel\\e-lear...')
#9 {main}  
[2017-09-07 08:06:02] local.ERROR: InvalidArgumentException: Please provide a valid cache path. in C:\Intel\e-learning\vendor\laravel\framework\src\Illuminate\View\Compilers\Compiler.php:36
Stack trace:
#0 C:\Intel\e-learning\vendor\laravel\framework\src\Illuminate\View\ViewServiceProvider.php(128): Illuminate\View\Compilers\Compiler->__construct(Object(Illuminate\Filesystem\Filesystem), false)
#1 C:\Intel\e-learning\vendor\laravel\framework\src\Illuminate\Container\Container.php(726): Illuminate\View\ViewServiceProvider->Illuminate\View\{closure}(Object(Illuminate\Foundation\Application), Array)
#2 C:\Intel\e-learning\vendor\laravel\framework\src\Illuminate\Container\Container.php(608): Illuminate\Container\Container->build(Object(Closure))
#3 C:\Intel\e-learning\vendor\laravel\framework\src\Illuminate\Container\Container.php(575): Illuminate\Container\Container->resolve('blade.compiler')
#4 C:\Intel\e-learning\vendor\laravel\framework\src\Illuminate\Foundation\Application.php(728): Illuminate\Container\Container->make('blade.compiler')
#5 C:\Intel\e-learning\vendor\laravel\framework\src\Illuminate\Container\Container.php(1172): Illuminate\Foundation\Application->make('blade.compiler')
#6 C:\Intel\e-learning\vendor\laravel\framework\src\Illuminate\View\ViewServiceProvider.php(133): Illuminate\Container\Container->offsetGet('blade.compiler')
#7 [internal function]: Illuminate\View\ViewServiceProvider->Illuminate\View\{closure}()
#8 C:\Intel\e-learning\vendor\laravel\framework\src\Illuminate\View\Engines\EngineResolver.php(54): call_user_func(Object(Closure))
#9 C:\Intel\e-learning\vendor\laravel\framework\src\Illuminate\View\Factory.php(263): Illuminate\View\Engines\EngineResolver->resolve('blade')
#10 C:\Intel\e-learning\vendor\laravel\framework\src\Illuminate\View\Factory.php(227): Illuminate\View\Factory->getEngineFromPath('C:\\Intel\\e-lear...')
#11 C:\Intel\e-learning\vendor\laravel\framework\src\Illuminate\View\Factory.php(136): Illuminate\View\Factory->viewInstance('login', 'C:\\Intel\\e-lear...', Array)
#12 C:\Intel\e-learning\vendor\laravel\framework\src\Illuminate\Foundation\helpers.php(885): Illuminate\View\Factory->make('login', Array, Array)
#13 C:\Intel\e-learning\app\Http\Controllers\UserController.php(17): view('login')
#14 [internal function]: App\Http\Controllers\UserController->getLoginPage()
#15 C:\Intel\e-learning\vendor\laravel\framework\src\Illuminate\Routing\Controller.php(55): call_user_func_array(Array, Array)
#16 C:\Intel\e-learning\vendor\laravel\framework\src\Illuminate\Routing\ControllerDispatcher.php(44): Illuminate\Routing\Controller->callAction('getLoginPage', Array)
#17 C:\Intel\e-learning\vendor\laravel\framework\src\Illuminate\Routing\Route.php(203): Illuminate\Routing\ControllerDispatcher->dispatch(Object(Illuminate\Routing\Route), Object(App\Http\Controllers\UserController), 'getLoginPage')
#18 C:\Intel\e-learning\vendor\laravel\framework\src\Illuminate\Routing\Route.php(160): Illuminate\Routing\Route->runController()
#19 C:\Intel\e-learning\vendor\laravel\framework\src\Illuminate\Routing\Router.php(572): Illuminate\Routing\Route->run()
#20 C:\Intel\e-learning\vendor\laravel\framework\src\Illuminate\Routing\Pipeline.php(30): Illuminate\Routing\Router->Illuminate\Routing\{closure}(Object(Illuminate\Http\Request))
#21 C:\Intel\e-learning\vendor\laravel\framework\src\Illuminate\Routing\Middleware\SubstituteBindings.php(41): Illuminate\Routing\Pipeline->Illuminate\Routing\{closure}(Object(Illuminate\Http\Request))
#22 C:\Intel\e-learning\vendor\laravel\framework\src\Illuminate\Pipeline\Pipeline.php(148): Illuminate\Routing\Middleware\SubstituteBindings->handle(Object(Illuminate\Http\Request), Object(Closure))
#23 C:\Intel\e-learning\vendor\laravel\framework\src\Illuminate\Routing\Pipeline.php(53): Illuminate\Pipeline\Pipeline->Illuminate\Pipeline\{closure}(Object(Illuminate\Http\Request))
#24 C:\Intel\e-learning\vendor\laravel\framework\src\Illuminate\Foundation\Http\Middleware\VerifyCsrfToken.php(65): Illuminate\Routing\Pipeline->Illuminate\Routing\{closure}(Object(Illuminate\Http\Request))
#25 C:\Intel\e-learning\vendor\laravel\framework\src\Illuminate\Pipeline\Pipeline.php(148): Illuminate\Foundation\Http\Middleware\VerifyCsrfToken->handle(Object(Illuminate\Http\Request), Object(Closure))
#26 C:\Intel\e-learning\vendor\laravel\framework\src\Illuminate\Routing\Pipeline.php(53): Illuminate\Pipeline\Pipeline->Illuminate\Pipeline\{closure}(Object(Illuminate\Http\Request))
#27 C:\Intel\e-learning\vendor\laravel\framework\src\Illuminate\View\Middleware\ShareErrorsFromSession.php(49): Illuminate\Routing\Pipeline->Illuminate\Routing\{closure}(Object(Illuminate\Http\Request))
#28 C:\Intel\e-learning\vendor\laravel\framework\src\Illuminate\Pipeline\Pipeline.php(148): Illuminate\View\Middleware\ShareErrorsFromSession->handle(Object(Illuminate\Http\Request), Object(Closure))
#29 C:\Intel\e-learning\vendor\laravel\framework\src\Illuminate\Routing\Pipeline.php(53): Illuminate\Pipeline\Pipeline->Illuminate\Pipeline\{closure}(Object(Illuminate\Http\Request))
#30 C:\Intel\e-learning\vendor\laravel\framework\src\Illuminate\Session\Middleware\StartSession.php(64): Illuminate\Routing\Pipeline->Illuminate\Routing\{closure}(Object(Illuminate\Http\Request))
#31 C:\Intel\e-learning\vendor\laravel\framework\src\Illuminate\Pipeline\Pipeline.php(148): Illuminate\Session\Middleware\StartSession->handle(Object(Illuminate\Http\Request), Object(Closure))
#32 C:\Intel\e-learning\vendor\laravel\framework\src\Illuminate\Routing\Pipeline.php(53): Illuminate\Pipeline\Pipeline->Illuminate\Pipeline\{closure}(Object(Illuminate\Http\Request))
#33 C:\Intel\e-learning\vendor\laravel\framework\src\Illuminate\Cookie\Middleware\AddQueuedCookiesToResponse.php(37): Illuminate\Routing\Pipeline->Illuminate\Routing\{closure}(Object(Illuminate\Http\Request))
#34 C:\Intel\e-learning\vendor\laravel\framework\src\Illuminate\Pipeline\Pipeline.php(148): Illuminate\Cookie\Middleware\AddQueuedCookiesToResponse->handle(Object(Illuminate\Http\Request), Object(Closure))
#35 C:\Intel\e-learning\vendor\laravel\framework\src\Illuminate\Routing\Pipeline.php(53): Illuminate\Pipeline\Pipeline->Illuminate\Pipeline\{closure}(Object(Illuminate\Http\Request))
#36 C:\Intel\e-learning\vendor\laravel\framework\src\Illuminate\Cookie\Middleware\EncryptCookies.php(59): Illuminate\Routing\Pipeline->Illuminate\Routing\{closure}(Object(Illuminate\Http\Request))
#37 C:\Intel\e-learning\vendor\laravel\framework\src\Illuminate\Pipeline\Pipeline.php(148): Illuminate\Cookie\Middleware\EncryptCookies->handle(Object(Illuminate\Http\Request), Object(Closure))
#38 C:\Intel\e-learning\vendor\laravel\framework\src\Illuminate\Routing\Pipeline.php(53): Illuminate\Pipeline\Pipeline->Illuminate\Pipeline\{closure}(Object(Illuminate\Http\Request))
#39 C:\Intel\e-learning\vendor\laravel\framework\src\Illuminate\Pipeline\Pipeline.php(102): Illuminate\Routing\Pipeline->Illuminate\Routing\{closure}(Object(Illuminate\Http\Request))
#40 C:\Intel\e-learning\vendor\laravel\framework\src\Illuminate\Routing\Router.php(574): Illuminate\Pipeline\Pipeline->then(Object(Closure))
#41 C:\Intel\e-learning\vendor\laravel\framework\src\Illuminate\Routing\Router.php(533): Illuminate\Routing\Router->runRouteWithinStack(Object(Illuminate\Routing\Route), Object(Illuminate\Http\Request))
#42 C:\Intel\e-learning\vendor\laravel\framework\src\Illuminate\Routing\Router.php(511): Illuminate\Routing\Router->dispatchToRoute(Object(Illuminate\Http\Request))
#43 C:\Intel\e-learning\vendor\laravel\framework\src\Illuminate\Foundation\Http\Kernel.php(176): Illuminate\Routing\Router->dispatch(Object(Illuminate\Http\Request))
#44 C:\Intel\e-learning\vendor\laravel\framework\src\Illuminate\Routing\Pipeline.php(30): Illuminate\Foundation\Http\Kernel->Illuminate\Foundation\Http\{closure}(Object(Illuminate\Http\Request))
#45 C:\Intel\e-learning\vendor\laravel\framework\src\Illuminate\Foundation\Http\Middleware\TransformsRequest.php(30): Illuminate\Routing\Pipeline->Illuminate\Routing\{closure}(Object(Illuminate\Http\Request))
#46 C:\Intel\e-learning\vendor\laravel\framework\src\Illuminate\Pipeline\Pipeline.php(148): Illuminate\Foundation\Http\Middleware\TransformsRequest->handle(Object(Illuminate\Http\Request), Object(Closure))
#47 C:\Intel\e-learning\vendor\laravel\framework\src\Illuminate\Routing\Pipeline.php(53): Illuminate\Pipeline\Pipeline->Illuminate\Pipeline\{closure}(Object(Illuminate\Http\Request))
#48 C:\Intel\e-learning\vendor\laravel\framework\src\Illuminate\Foundation\Http\Middleware\TransformsRequest.php(30): Illuminate\Routing\Pipeline->Illuminate\Routing\{closure}(Object(Illuminate\Http\Request))
#49 C:\Intel\e-learning\vendor\laravel\framework\src\Illuminate\Pipeline\Pipeline.php(148): Illuminate\Foundation\Http\Middleware\TransformsRequest->handle(Object(Illuminate\Http\Request), Object(Closure))
#50 C:\Intel\e-learning\vendor\laravel\framework\src\Illuminate\Routing\Pipeline.php(53): Illuminate\Pipeline\Pipeline->Illuminate\Pipeline\{closure}(Object(Illuminate\Http\Request))
#51 C:\Intel\e-learning\vendor\laravel\framework\src\Illuminate\Foundation\Http\Middleware\ValidatePostSize.php(27): Illuminate\Routing\Pipeline->Illuminate\Routing\{closure}(Object(Illuminate\Http\Request))
#52 C:\Intel\e-learning\vendor\laravel\framework\src\Illuminate\Pipeline\Pipeline.php(148): Illuminate\Foundation\Http\Middleware\ValidatePostSize->handle(Object(Illuminate\Http\Request), Object(Closure))
#53 C:\Intel\e-learning\vendor\laravel\framework\src\Illuminate\Routing\Pipeline.php(53): Illuminate\Pipeline\Pipeline->Illuminate\Pipeline\{closure}(Object(Illuminate\Http\Request))
#54 C:\Intel\e-learning\vendor\laravel\framework\src\Illuminate\Foundation\Http\Middleware\CheckForMaintenanceMode.php(46): Illuminate\Routing\Pipeline->Illuminate\Routing\{closure}(Object(Illuminate\Http\Request))
#55 C:\Intel\e-learning\vendor\laravel\framework\src\Illuminate\Pipeline\Pipeline.php(148): Illuminate\Foundation\Http\Middleware\CheckForMaintenanceMode->handle(Object(Illuminate\Http\Request), Object(Closure))
#56 C:\Intel\e-learning\vendor\laravel\framework\src\Illuminate\Routing\Pipeline.php(53): Illuminate\Pipeline\Pipeline->Illuminate\Pipeline\{closure}(Object(Illuminate\Http\Request))
#57 C:\Intel\e-learning\vendor\laravel\framework\src\Illuminate\Pipeline\Pipeline.php(102): Illuminate\Routing\Pipeline->Illuminate\Routing\{closure}(Object(Illuminate\Http\Request))
#58 C:\Intel\e-learning\vendor\laravel\framework\src\Illuminate\Foundation\Http\Kernel.php(151): Illuminate\Pipeline\Pipeline->then(Object(Closure))
#59 C:\Intel\e-learning\vendor\laravel\framework\src\Illuminate\Foundation\Http\Kernel.php(116): Illuminate\Foundation\Http\Kernel->sendRequestThroughRouter(Object(Illuminate\Http\Request))
#60 C:\Intel\e-learning\public\index.php(53): Illuminate\Foundation\Http\Kernel->handle(Object(Illuminate\Http\Request))
#61 C:\Intel\e-learning\server.php(21): require_once('C:\\Intel\\e-lear...')
#62 {main}  
[2017-09-07 08:06:02] local.ERROR: ErrorException: file_put_contents(C:\Intel\e-learning\storage\framework/sessions/2KGJzvBxiR3g59IXhAbxH6vRGO5rKCMUj3Txbej6): failed to open stream: No such file or directory in C:\Intel\e-learning\vendor\laravel\framework\src\Illuminate\Filesystem\Filesystem.php:122
Stack trace:
#0 [internal function]: Illuminate\Foundation\Bootstrap\HandleExceptions->handleError(2, 'file_put_conten...', 'C:\\Intel\\e-lear...', 122, Array)
#1 C:\Intel\e-learning\vendor\laravel\framework\src\Illuminate\Filesystem\Filesystem.php(122): file_put_contents('C:\\Intel\\e-lear...', 'a:3:{s:6:"_toke...', 2)
#2 C:\Intel\e-learning\vendor\laravel\framework\src\Illuminate\Session\FileSessionHandler.php(83): Illuminate\Filesystem\Filesystem->put('C:\\Intel\\e-lear...', 'a:3:{s:6:"_toke...', true)
#3 C:\Intel\e-learning\vendor\laravel\framework\src\Illuminate\Session\Store.php(128): Illuminate\Session\FileSessionHandler->write('2KGJzvBxiR3g59I...', 'a:3:{s:6:"_toke...')
#4 C:\Intel\e-learning\vendor\laravel\framework\src\Illuminate\Session\Middleware\StartSession.php(88): Illuminate\Session\Store->save()
#5 C:\Intel\e-learning\vendor\laravel\framework\src\Illuminate\Foundation\Http\Kernel.php(218): Illuminate\Session\Middleware\StartSession->terminate(Object(Illuminate\Http\Request), Object(Illuminate\Http\Response))
#6 C:\Intel\e-learning\vendor\laravel\framework\src\Illuminate\Foundation\Http\Kernel.php(189): Illuminate\Foundation\Http\Kernel->terminateMiddleware(Object(Illuminate\Http\Request), Object(Illuminate\Http\Response))
#7 C:\Intel\e-learning\public\index.php(58): Illuminate\Foundation\Http\Kernel->terminate(Object(Illuminate\Http\Request), Object(Illuminate\Http\Response))
#8 C:\Intel\e-learning\server.php(21): require_once('C:\\Intel\\e-lear...')
#9 {main}  
[2017-09-07 08:07:47] local.ERROR: InvalidArgumentException: Please provide a valid cache path. in C:\Intel\e-learning\vendor\laravel\framework\src\Illuminate\View\Compilers\Compiler.php:36
Stack trace:
#0 C:\Intel\e-learning\vendor\laravel\framework\src\Illuminate\View\ViewServiceProvider.php(128): Illuminate\View\Compilers\Compiler->__construct(Object(Illuminate\Filesystem\Filesystem), false)
#1 C:\Intel\e-learning\vendor\laravel\framework\src\Illuminate\Container\Container.php(726): Illuminate\View\ViewServiceProvider->Illuminate\View\{closure}(Object(Illuminate\Foundation\Application), Array)
#2 C:\Intel\e-learning\vendor\laravel\framework\src\Illuminate\Container\Container.php(608): Illuminate\Container\Container->build(Object(Closure))
#3 C:\Intel\e-learning\vendor\laravel\framework\src\Illuminate\Container\Container.php(575): Illuminate\Container\Container->resolve('blade.compiler')
#4 C:\Intel\e-learning\vendor\laravel\framework\src\Illuminate\Foundation\Application.php(728): Illuminate\Container\Container->make('blade.compiler')
#5 C:\Intel\e-learning\vendor\laravel\framework\src\Illuminate\Container\Container.php(1172): Illuminate\Foundation\Application->make('blade.compiler')
#6 C:\Intel\e-learning\vendor\laravel\framework\src\Illuminate\View\ViewServiceProvider.php(133): Illuminate\Container\Container->offsetGet('blade.compiler')
#7 [internal function]: Illuminate\View\ViewServiceProvider->Illuminate\View\{closure}()
#8 C:\Intel\e-learning\vendor\laravel\framework\src\Illuminate\View\Engines\EngineResolver.php(54): call_user_func(Object(Closure))
#9 C:\Intel\e-learning\vendor\laravel\framework\src\Illuminate\View\Factory.php(263): Illuminate\View\Engines\EngineResolver->resolve('blade')
#10 C:\Intel\e-learning\vendor\laravel\framework\src\Illuminate\View\Factory.php(227): Illuminate\View\Factory->getEngineFromPath('C:\\Intel\\e-lear...')
#11 C:\Intel\e-learning\vendor\laravel\framework\src\Illuminate\View\Factory.php(136): Illuminate\View\Factory->viewInstance('login', 'C:\\Intel\\e-lear...', Array)
#12 C:\Intel\e-learning\vendor\laravel\framework\src\Illuminate\Foundation\helpers.php(885): Illuminate\View\Factory->make('login', Array, Array)
#13 C:\Intel\e-learning\app\Http\Controllers\UserController.php(17): view('login')
#14 [internal function]: App\Http\Controllers\UserController->getLoginPage()
#15 C:\Intel\e-learning\vendor\laravel\framework\src\Illuminate\Routing\Controller.php(55): call_user_func_array(Array, Array)
#16 C:\Intel\e-learning\vendor\laravel\framework\src\Illuminate\Routing\ControllerDispatcher.php(44): Illuminate\Routing\Controller->callAction('getLoginPage', Array)
#17 C:\Intel\e-learning\vendor\laravel\framework\src\Illuminate\Routing\Route.php(203): Illuminate\Routing\ControllerDispatcher->dispatch(Object(Illuminate\Routing\Route), Object(App\Http\Controllers\UserController), 'getLoginPage')
#18 C:\Intel\e-learning\vendor\laravel\framework\src\Illuminate\Routing\Route.php(160): Illuminate\Routing\Route->runController()
#19 C:\Intel\e-learning\vendor\laravel\framework\src\Illuminate\Routing\Router.php(572): Illuminate\Routing\Route->run()
#20 C:\Intel\e-learning\vendor\laravel\framework\src\Illuminate\Routing\Pipeline.php(30): Illuminate\Routing\Router->Illuminate\Routing\{closure}(Object(Illuminate\Http\Request))
#21 C:\Intel\e-learning\vendor\laravel\framework\src\Illuminate\Routing\Middleware\SubstituteBindings.php(41): Illuminate\Routing\Pipeline->Illuminate\Routing\{closure}(Object(Illuminate\Http\Request))
#22 C:\Intel\e-learning\vendor\laravel\framework\src\Illuminate\Pipeline\Pipeline.php(148): Illuminate\Routing\Middleware\SubstituteBindings->handle(Object(Illuminate\Http\Request), Object(Closure))
#23 C:\Intel\e-learning\vendor\laravel\framework\src\Illuminate\Routing\Pipeline.php(53): Illuminate\Pipeline\Pipeline->Illuminate\Pipeline\{closure}(Object(Illuminate\Http\Request))
#24 C:\Intel\e-learning\vendor\laravel\framework\src\Illuminate\Foundation\Http\Middleware\VerifyCsrfToken.php(65): Illuminate\Routing\Pipeline->Illuminate\Routing\{closure}(Object(Illuminate\Http\Request))
#25 C:\Intel\e-learning\vendor\laravel\framework\src\Illuminate\Pipeline\Pipeline.php(148): Illuminate\Foundation\Http\Middleware\VerifyCsrfToken->handle(Object(Illuminate\Http\Request), Object(Closure))
#26 C:\Intel\e-learning\vendor\laravel\framework\src\Illuminate\Routing\Pipeline.php(53): Illuminate\Pipeline\Pipeline->Illuminate\Pipeline\{closure}(Object(Illuminate\Http\Request))
#27 C:\Intel\e-learning\vendor\laravel\framework\src\Illuminate\View\Middleware\ShareErrorsFromSession.php(49): Illuminate\Routing\Pipeline->Illuminate\Routing\{closure}(Object(Illuminate\Http\Request))
#28 C:\Intel\e-learning\vendor\laravel\framework\src\Illuminate\Pipeline\Pipeline.php(148): Illuminate\View\Middleware\ShareErrorsFromSession->handle(Object(Illuminate\Http\Request), Object(Closure))
#29 C:\Intel\e-learning\vendor\laravel\framework\src\Illuminate\Routing\Pipeline.php(53): Illuminate\Pipeline\Pipeline->Illuminate\Pipeline\{closure}(Object(Illuminate\Http\Request))
#30 C:\Intel\e-learning\vendor\laravel\framework\src\Illuminate\Session\Middleware\StartSession.php(64): Illuminate\Routing\Pipeline->Illuminate\Routing\{closure}(Object(Illuminate\Http\Request))
#31 C:\Intel\e-learning\vendor\laravel\framework\src\Illuminate\Pipeline\Pipeline.php(148): Illuminate\Session\Middleware\StartSession->handle(Object(Illuminate\Http\Request), Object(Closure))
#32 C:\Intel\e-learning\vendor\laravel\framework\src\Illuminate\Routing\Pipeline.php(53): Illuminate\Pipeline\Pipeline->Illuminate\Pipeline\{closure}(Object(Illuminate\Http\Request))
#33 C:\Intel\e-learning\vendor\laravel\framework\src\Illuminate\Cookie\Middleware\AddQueuedCookiesToResponse.php(37): Illuminate\Routing\Pipeline->Illuminate\Routing\{closure}(Object(Illuminate\Http\Request))
#34 C:\Intel\e-learning\vendor\laravel\framework\src\Illuminate\Pipeline\Pipeline.php(148): Illuminate\Cookie\Middleware\AddQueuedCookiesToResponse->handle(Object(Illuminate\Http\Request), Object(Closure))
#35 C:\Intel\e-learning\vendor\laravel\framework\src\Illuminate\Routing\Pipeline.php(53): Illuminate\Pipeline\Pipeline->Illuminate\Pipeline\{closure}(Object(Illuminate\Http\Request))
#36 C:\Intel\e-learning\vendor\laravel\framework\src\Illuminate\Cookie\Middleware\EncryptCookies.php(59): Illuminate\Routing\Pipeline->Illuminate\Routing\{closure}(Object(Illuminate\Http\Request))
#37 C:\Intel\e-learning\vendor\laravel\framework\src\Illuminate\Pipeline\Pipeline.php(148): Illuminate\Cookie\Middleware\EncryptCookies->handle(Object(Illuminate\Http\Request), Object(Closure))
#38 C:\Intel\e-learning\vendor\laravel\framework\src\Illuminate\Routing\Pipeline.php(53): Illuminate\Pipeline\Pipeline->Illuminate\Pipeline\{closure}(Object(Illuminate\Http\Request))
#39 C:\Intel\e-learning\vendor\laravel\framework\src\Illuminate\Pipeline\Pipeline.php(102): Illuminate\Routing\Pipeline->Illuminate\Routing\{closure}(Object(Illuminate\Http\Request))
#40 C:\Intel\e-learning\vendor\laravel\framework\src\Illuminate\Routing\Router.php(574): Illuminate\Pipeline\Pipeline->then(Object(Closure))
#41 C:\Intel\e-learning\vendor\laravel\framework\src\Illuminate\Routing\Router.php(533): Illuminate\Routing\Router->runRouteWithinStack(Object(Illuminate\Routing\Route), Object(Illuminate\Http\Request))
#42 C:\Intel\e-learning\vendor\laravel\framework\src\Illuminate\Routing\Router.php(511): Illuminate\Routing\Router->dispatchToRoute(Object(Illuminate\Http\Request))
#43 C:\Intel\e-learning\vendor\laravel\framework\src\Illuminate\Foundation\Http\Kernel.php(176): Illuminate\Routing\Router->dispatch(Object(Illuminate\Http\Request))
#44 C:\Intel\e-learning\vendor\laravel\framework\src\Illuminate\Routing\Pipeline.php(30): Illuminate\Foundation\Http\Kernel->Illuminate\Foundation\Http\{closure}(Object(Illuminate\Http\Request))
#45 C:\Intel\e-learning\vendor\laravel\framework\src\Illuminate\Foundation\Http\Middleware\TransformsRequest.php(30): Illuminate\Routing\Pipeline->Illuminate\Routing\{closure}(Object(Illuminate\Http\Request))
#46 C:\Intel\e-learning\vendor\laravel\framework\src\Illuminate\Pipeline\Pipeline.php(148): Illuminate\Foundation\Http\Middleware\TransformsRequest->handle(Object(Illuminate\Http\Request), Object(Closure))
#47 C:\Intel\e-learning\vendor\laravel\framework\src\Illuminate\Routing\Pipeline.php(53): Illuminate\Pipeline\Pipeline->Illuminate\Pipeline\{closure}(Object(Illuminate\Http\Request))
#48 C:\Intel\e-learning\vendor\laravel\framework\src\Illuminate\Foundation\Http\Middleware\TransformsRequest.php(30): Illuminate\Routing\Pipeline->Illuminate\Routing\{closure}(Object(Illuminate\Http\Request))
#49 C:\Intel\e-learning\vendor\laravel\framework\src\Illuminate\Pipeline\Pipeline.php(148): Illuminate\Foundation\Http\Middleware\TransformsRequest->handle(Object(Illuminate\Http\Request), Object(Closure))
#50 C:\Intel\e-learning\vendor\laravel\framework\src\Illuminate\Routing\Pipeline.php(53): Illuminate\Pipeline\Pipeline->Illuminate\Pipeline\{closure}(Object(Illuminate\Http\Request))
#51 C:\Intel\e-learning\vendor\laravel\framework\src\Illuminate\Foundation\Http\Middleware\ValidatePostSize.php(27): Illuminate\Routing\Pipeline->Illuminate\Routing\{closure}(Object(Illuminate\Http\Request))
#52 C:\Intel\e-learning\vendor\laravel\framework\src\Illuminate\Pipeline\Pipeline.php(148): Illuminate\Foundation\Http\Middleware\ValidatePostSize->handle(Object(Illuminate\Http\Request), Object(Closure))
#53 C:\Intel\e-learning\vendor\laravel\framework\src\Illuminate\Routing\Pipeline.php(53): Illuminate\Pipeline\Pipeline->Illuminate\Pipeline\{closure}(Object(Illuminate\Http\Request))
#54 C:\Intel\e-learning\vendor\laravel\framework\src\Illuminate\Foundation\Http\Middleware\CheckForMaintenanceMode.php(46): Illuminate\Routing\Pipeline->Illuminate\Routing\{closure}(Object(Illuminate\Http\Request))
#55 C:\Intel\e-learning\vendor\laravel\framework\src\Illuminate\Pipeline\Pipeline.php(148): Illuminate\Foundation\Http\Middleware\CheckForMaintenanceMode->handle(Object(Illuminate\Http\Request), Object(Closure))
#56 C:\Intel\e-learning\vendor\laravel\framework\src\Illuminate\Routing\Pipeline.php(53): Illuminate\Pipeline\Pipeline->Illuminate\Pipeline\{closure}(Object(Illuminate\Http\Request))
#57 C:\Intel\e-learning\vendor\laravel\framework\src\Illuminate\Pipeline\Pipeline.php(102): Illuminate\Routing\Pipeline->Illuminate\Routing\{closure}(Object(Illuminate\Http\Request))
#58 C:\Intel\e-learning\vendor\laravel\framework\src\Illuminate\Foundation\Http\Kernel.php(151): Illuminate\Pipeline\Pipeline->then(Object(Closure))
#59 C:\Intel\e-learning\vendor\laravel\framework\src\Illuminate\Foundation\Http\Kernel.php(116): Illuminate\Foundation\Http\Kernel->sendRequestThroughRouter(Object(Illuminate\Http\Request))
#60 C:\Intel\e-learning\public\index.php(53): Illuminate\Foundation\Http\Kernel->handle(Object(Illuminate\Http\Request))
#61 C:\Intel\e-learning\server.php(21): require_once('C:\\Intel\\e-lear...')
#62 {main}  
[2017-09-07 08:07:47] local.ERROR: ErrorException: file_put_contents(C:\Intel\e-learning\storage\framework/sessions/2KGJzvBxiR3g59IXhAbxH6vRGO5rKCMUj3Txbej6): failed to open stream: No such file or directory in C:\Intel\e-learning\vendor\laravel\framework\src\Illuminate\Filesystem\Filesystem.php:122
Stack trace:
#0 [internal function]: Illuminate\Foundation\Bootstrap\HandleExceptions->handleError(2, 'file_put_conten...', 'C:\\Intel\\e-lear...', 122, Array)
#1 C:\Intel\e-learning\vendor\laravel\framework\src\Illuminate\Filesystem\Filesystem.php(122): file_put_contents('C:\\Intel\\e-lear...', 'a:3:{s:6:"_toke...', 2)
#2 C:\Intel\e-learning\vendor\laravel\framework\src\Illuminate\Session\FileSessionHandler.php(83): Illuminate\Filesystem\Filesystem->put('C:\\Intel\\e-lear...', 'a:3:{s:6:"_toke...', true)
#3 C:\Intel\e-learning\vendor\laravel\framework\src\Illuminate\Session\Store.php(128): Illuminate\Session\FileSessionHandler->write('2KGJzvBxiR3g59I...', 'a:3:{s:6:"_toke...')
#4 C:\Intel\e-learning\vendor\laravel\framework\src\Illuminate\Session\Middleware\StartSession.php(88): Illuminate\Session\Store->save()
#5 C:\Intel\e-learning\vendor\laravel\framework\src\Illuminate\Foundation\Http\Kernel.php(218): Illuminate\Session\Middleware\StartSession->terminate(Object(Illuminate\Http\Request), Object(Illuminate\Http\Response))
#6 C:\Intel\e-learning\vendor\laravel\framework\src\Illuminate\Foundation\Http\Kernel.php(189): Illuminate\Foundation\Http\Kernel->terminateMiddleware(Object(Illuminate\Http\Request), Object(Illuminate\Http\Response))
#7 C:\Intel\e-learning\public\index.php(58): Illuminate\Foundation\Http\Kernel->terminate(Object(Illuminate\Http\Request), Object(Illuminate\Http\Response))
#8 C:\Intel\e-learning\server.php(21): require_once('C:\\Intel\\e-lear...')
#9 {main}  
[2017-09-07 08:07:48] local.ERROR: InvalidArgumentException: Please provide a valid cache path. in C:\Intel\e-learning\vendor\laravel\framework\src\Illuminate\View\Compilers\Compiler.php:36
Stack trace:
#0 C:\Intel\e-learning\vendor\laravel\framework\src\Illuminate\View\ViewServiceProvider.php(128): Illuminate\View\Compilers\Compiler->__construct(Object(Illuminate\Filesystem\Filesystem), false)
#1 C:\Intel\e-learning\vendor\laravel\framework\src\Illuminate\Container\Container.php(726): Illuminate\View\ViewServiceProvider->Illuminate\View\{closure}(Object(Illuminate\Foundation\Application), Array)
#2 C:\Intel\e-learning\vendor\laravel\framework\src\Illuminate\Container\Container.php(608): Illuminate\Container\Container->build(Object(Closure))
#3 C:\Intel\e-learning\vendor\laravel\framework\src\Illuminate\Container\Container.php(575): Illuminate\Container\Container->resolve('blade.compiler')
#4 C:\Intel\e-learning\vendor\laravel\framework\src\Illuminate\Foundation\Application.php(728): Illuminate\Container\Container->make('blade.compiler')
#5 C:\Intel\e-learning\vendor\laravel\framework\src\Illuminate\Container\Container.php(1172): Illuminate\Foundation\Application->make('blade.compiler')
#6 C:\Intel\e-learning\vendor\laravel\framework\src\Illuminate\View\ViewServiceProvider.php(133): Illuminate\Container\Container->offsetGet('blade.compiler')
#7 [internal function]: Illuminate\View\ViewServiceProvider->Illuminate\View\{closure}()
#8 C:\Intel\e-learning\vendor\laravel\framework\src\Illuminate\View\Engines\EngineResolver.php(54): call_user_func(Object(Closure))
#9 C:\Intel\e-learning\vendor\laravel\framework\src\Illuminate\View\Factory.php(263): Illuminate\View\Engines\EngineResolver->resolve('blade')
#10 C:\Intel\e-learning\vendor\laravel\framework\src\Illuminate\View\Factory.php(227): Illuminate\View\Factory->getEngineFromPath('C:\\Intel\\e-lear...')
#11 C:\Intel\e-learning\vendor\laravel\framework\src\Illuminate\View\Factory.php(136): Illuminate\View\Factory->viewInstance('login', 'C:\\Intel\\e-lear...', Array)
#12 C:\Intel\e-learning\vendor\laravel\framework\src\Illuminate\Foundation\helpers.php(885): Illuminate\View\Factory->make('login', Array, Array)
#13 C:\Intel\e-learning\app\Http\Controllers\UserController.php(17): view('login')
#14 [internal function]: App\Http\Controllers\UserController->getLoginPage()
#15 C:\Intel\e-learning\vendor\laravel\framework\src\Illuminate\Routing\Controller.php(55): call_user_func_array(Array, Array)
#16 C:\Intel\e-learning\vendor\laravel\framework\src\Illuminate\Routing\ControllerDispatcher.php(44): Illuminate\Routing\Controller->callAction('getLoginPage', Array)
#17 C:\Intel\e-learning\vendor\laravel\framework\src\Illuminate\Routing\Route.php(203): Illuminate\Routing\ControllerDispatcher->dispatch(Object(Illuminate\Routing\Route), Object(App\Http\Controllers\UserController), 'getLoginPage')
#18 C:\Intel\e-learning\vendor\laravel\framework\src\Illuminate\Routing\Route.php(160): Illuminate\Routing\Route->runController()
#19 C:\Intel\e-learning\vendor\laravel\framework\src\Illuminate\Routing\Router.php(572): Illuminate\Routing\Route->run()
#20 C:\Intel\e-learning\vendor\laravel\framework\src\Illuminate\Routing\Pipeline.php(30): Illuminate\Routing\Router->Illuminate\Routing\{closure}(Object(Illuminate\Http\Request))
#21 C:\Intel\e-learning\vendor\laravel\framework\src\Illuminate\Routing\Middleware\SubstituteBindings.php(41): Illuminate\Routing\Pipeline->Illuminate\Routing\{closure}(Object(Illuminate\Http\Request))
#22 C:\Intel\e-learning\vendor\laravel\framework\src\Illuminate\Pipeline\Pipeline.php(148): Illuminate\Routing\Middleware\SubstituteBindings->handle(Object(Illuminate\Http\Request), Object(Closure))
#23 C:\Intel\e-learning\vendor\laravel\framework\src\Illuminate\Routing\Pipeline.php(53): Illuminate\Pipeline\Pipeline->Illuminate\Pipeline\{closure}(Object(Illuminate\Http\Request))
#24 C:\Intel\e-learning\vendor\laravel\framework\src\Illuminate\Foundation\Http\Middleware\VerifyCsrfToken.php(65): Illuminate\Routing\Pipeline->Illuminate\Routing\{closure}(Object(Illuminate\Http\Request))
#25 C:\Intel\e-learning\vendor\laravel\framework\src\Illuminate\Pipeline\Pipeline.php(148): Illuminate\Foundation\Http\Middleware\VerifyCsrfToken->handle(Object(Illuminate\Http\Request), Object(Closure))
#26 C:\Intel\e-learning\vendor\laravel\framework\src\Illuminate\Routing\Pipeline.php(53): Illuminate\Pipeline\Pipeline->Illuminate\Pipeline\{closure}(Object(Illuminate\Http\Request))
#27 C:\Intel\e-learning\vendor\laravel\framework\src\Illuminate\View\Middleware\ShareErrorsFromSession.php(49): Illuminate\Routing\Pipeline->Illuminate\Routing\{closure}(Object(Illuminate\Http\Request))
#28 C:\Intel\e-learning\vendor\laravel\framework\src\Illuminate\Pipeline\Pipeline.php(148): Illuminate\View\Middleware\ShareErrorsFromSession->handle(Object(Illuminate\Http\Request), Object(Closure))
#29 C:\Intel\e-learning\vendor\laravel\framework\src\Illuminate\Routing\Pipeline.php(53): Illuminate\Pipeline\Pipeline->Illuminate\Pipeline\{closure}(Object(Illuminate\Http\Request))
#30 C:\Intel\e-learning\vendor\laravel\framework\src\Illuminate\Session\Middleware\StartSession.php(64): Illuminate\Routing\Pipeline->Illuminate\Routing\{closure}(Object(Illuminate\Http\Request))
#31 C:\Intel\e-learning\vendor\laravel\framework\src\Illuminate\Pipeline\Pipeline.php(148): Illuminate\Session\Middleware\StartSession->handle(Object(Illuminate\Http\Request), Object(Closure))
#32 C:\Intel\e-learning\vendor\laravel\framework\src\Illuminate\Routing\Pipeline.php(53): Illuminate\Pipeline\Pipeline->Illuminate\Pipeline\{closure}(Object(Illuminate\Http\Request))
#33 C:\Intel\e-learning\vendor\laravel\framework\src\Illuminate\Cookie\Middleware\AddQueuedCookiesToResponse.php(37): Illuminate\Routing\Pipeline->Illuminate\Routing\{closure}(Object(Illuminate\Http\Request))
#34 C:\Intel\e-learning\vendor\laravel\framework\src\Illuminate\Pipeline\Pipeline.php(148): Illuminate\Cookie\Middleware\AddQueuedCookiesToResponse->handle(Object(Illuminate\Http\Request), Object(Closure))
#35 C:\Intel\e-learning\vendor\laravel\framework\src\Illuminate\Routing\Pipeline.php(53): Illuminate\Pipeline\Pipeline->Illuminate\Pipeline\{closure}(Object(Illuminate\Http\Request))
#36 C:\Intel\e-learning\vendor\laravel\framework\src\Illuminate\Cookie\Middleware\EncryptCookies.php(59): Illuminate\Routing\Pipeline->Illuminate\Routing\{closure}(Object(Illuminate\Http\Request))
#37 C:\Intel\e-learning\vendor\laravel\framework\src\Illuminate\Pipeline\Pipeline.php(148): Illuminate\Cookie\Middleware\EncryptCookies->handle(Object(Illuminate\Http\Request), Object(Closure))
#38 C:\Intel\e-learning\vendor\laravel\framework\src\Illuminate\Routing\Pipeline.php(53): Illuminate\Pipeline\Pipeline->Illuminate\Pipeline\{closure}(Object(Illuminate\Http\Request))
#39 C:\Intel\e-learning\vendor\laravel\framework\src\Illuminate\Pipeline\Pipeline.php(102): Illuminate\Routing\Pipeline->Illuminate\Routing\{closure}(Object(Illuminate\Http\Request))
#40 C:\Intel\e-learning\vendor\laravel\framework\src\Illuminate\Routing\Router.php(574): Illuminate\Pipeline\Pipeline->then(Object(Closure))
#41 C:\Intel\e-learning\vendor\laravel\framework\src\Illuminate\Routing\Router.php(533): Illuminate\Routing\Router->runRouteWithinStack(Object(Illuminate\Routing\Route), Object(Illuminate\Http\Request))
#42 C:\Intel\e-learning\vendor\laravel\framework\src\Illuminate\Routing\Router.php(511): Illuminate\Routing\Router->dispatchToRoute(Object(Illuminate\Http\Request))
#43 C:\Intel\e-learning\vendor\laravel\framework\src\Illuminate\Foundation\Http\Kernel.php(176): Illuminate\Routing\Router->dispatch(Object(Illuminate\Http\Request))
#44 C:\Intel\e-learning\vendor\laravel\framework\src\Illuminate\Routing\Pipeline.php(30): Illuminate\Foundation\Http\Kernel->Illuminate\Foundation\Http\{closure}(Object(Illuminate\Http\Request))
#45 C:\Intel\e-learning\vendor\laravel\framework\src\Illuminate\Foundation\Http\Middleware\TransformsRequest.php(30): Illuminate\Routing\Pipeline->Illuminate\Routing\{closure}(Object(Illuminate\Http\Request))
#46 C:\Intel\e-learning\vendor\laravel\framework\src\Illuminate\Pipeline\Pipeline.php(148): Illuminate\Foundation\Http\Middleware\TransformsRequest->handle(Object(Illuminate\Http\Request), Object(Closure))
#47 C:\Intel\e-learning\vendor\laravel\framework\src\Illuminate\Routing\Pipeline.php(53): Illuminate\Pipeline\Pipeline->Illuminate\Pipeline\{closure}(Object(Illuminate\Http\Request))
#48 C:\Intel\e-learning\vendor\laravel\framework\src\Illuminate\Foundation\Http\Middleware\TransformsRequest.php(30): Illuminate\Routing\Pipeline->Illuminate\Routing\{closure}(Object(Illuminate\Http\Request))
#49 C:\Intel\e-learning\vendor\laravel\framework\src\Illuminate\Pipeline\Pipeline.php(148): Illuminate\Foundation\Http\Middleware\TransformsRequest->handle(Object(Illuminate\Http\Request), Object(Closure))
#50 C:\Intel\e-learning\vendor\laravel\framework\src\Illuminate\Routing\Pipeline.php(53): Illuminate\Pipeline\Pipeline->Illuminate\Pipeline\{closure}(Object(Illuminate\Http\Request))
#51 C:\Intel\e-learning\vendor\laravel\framework\src\Illuminate\Foundation\Http\Middleware\ValidatePostSize.php(27): Illuminate\Routing\Pipeline->Illuminate\Routing\{closure}(Object(Illuminate\Http\Request))
#52 C:\Intel\e-learning\vendor\laravel\framework\src\Illuminate\Pipeline\Pipeline.php(148): Illuminate\Foundation\Http\Middleware\ValidatePostSize->handle(Object(Illuminate\Http\Request), Object(Closure))
#53 C:\Intel\e-learning\vendor\laravel\framework\src\Illuminate\Routing\Pipeline.php(53): Illuminate\Pipeline\Pipeline->Illuminate\Pipeline\{closure}(Object(Illuminate\Http\Request))
#54 C:\Intel\e-learning\vendor\laravel\framework\src\Illuminate\Foundation\Http\Middleware\CheckForMaintenanceMode.php(46): Illuminate\Routing\Pipeline->Illuminate\Routing\{closure}(Object(Illuminate\Http\Request))
#55 C:\Intel\e-learning\vendor\laravel\framework\src\Illuminate\Pipeline\Pipeline.php(148): Illuminate\Foundation\Http\Middleware\CheckForMaintenanceMode->handle(Object(Illuminate\Http\Request), Object(Closure))
#56 C:\Intel\e-learning\vendor\laravel\framework\src\Illuminate\Routing\Pipeline.php(53): Illuminate\Pipeline\Pipeline->Illuminate\Pipeline\{closure}(Object(Illuminate\Http\Request))
#57 C:\Intel\e-learning\vendor\laravel\framework\src\Illuminate\Pipeline\Pipeline.php(102): Illuminate\Routing\Pipeline->Illuminate\Routing\{closure}(Object(Illuminate\Http\Request))
#58 C:\Intel\e-learning\vendor\laravel\framework\src\Illuminate\Foundation\Http\Kernel.php(151): Illuminate\Pipeline\Pipeline->then(Object(Closure))
#59 C:\Intel\e-learning\vendor\laravel\framework\src\Illuminate\Foundation\Http\Kernel.php(116): Illuminate\Foundation\Http\Kernel->sendRequestThroughRouter(Object(Illuminate\Http\Request))
#60 C:\Intel\e-learning\public\index.php(53): Illuminate\Foundation\Http\Kernel->handle(Object(Illuminate\Http\Request))
#61 C:\Intel\e-learning\server.php(21): require_once('C:\\Intel\\e-lear...')
#62 {main}  
[2017-09-07 08:07:48] local.ERROR: ErrorException: file_put_contents(C:\Intel\e-learning\storage\framework/sessions/2KGJzvBxiR3g59IXhAbxH6vRGO5rKCMUj3Txbej6): failed to open stream: No such file or directory in C:\Intel\e-learning\vendor\laravel\framework\src\Illuminate\Filesystem\Filesystem.php:122
Stack trace:
#0 [internal function]: Illuminate\Foundation\Bootstrap\HandleExceptions->handleError(2, 'file_put_conten...', 'C:\\Intel\\e-lear...', 122, Array)
#1 C:\Intel\e-learning\vendor\laravel\framework\src\Illuminate\Filesystem\Filesystem.php(122): file_put_contents('C:\\Intel\\e-lear...', 'a:3:{s:6:"_toke...', 2)
#2 C:\Intel\e-learning\vendor\laravel\framework\src\Illuminate\Session\FileSessionHandler.php(83): Illuminate\Filesystem\Filesystem->put('C:\\Intel\\e-lear...', 'a:3:{s:6:"_toke...', true)
#3 C:\Intel\e-learning\vendor\laravel\framework\src\Illuminate\Session\Store.php(128): Illuminate\Session\FileSessionHandler->write('2KGJzvBxiR3g59I...', 'a:3:{s:6:"_toke...')
#4 C:\Intel\e-learning\vendor\laravel\framework\src\Illuminate\Session\Middleware\StartSession.php(88): Illuminate\Session\Store->save()
#5 C:\Intel\e-learning\vendor\laravel\framework\src\Illuminate\Foundation\Http\Kernel.php(218): Illuminate\Session\Middleware\StartSession->terminate(Object(Illuminate\Http\Request), Object(Illuminate\Http\Response))
#6 C:\Intel\e-learning\vendor\laravel\framework\src\Illuminate\Foundation\Http\Kernel.php(189): Illuminate\Foundation\Http\Kernel->terminateMiddleware(Object(Illuminate\Http\Request), Object(Illuminate\Http\Response))
#7 C:\Intel\e-learning\public\index.php(58): Illuminate\Foundation\Http\Kernel->terminate(Object(Illuminate\Http\Request), Object(Illuminate\Http\Response))
#8 C:\Intel\e-learning\server.php(21): require_once('C:\\Intel\\e-lear...')
#9 {main}  
[2017-09-07 08:08:13] local.ERROR: RuntimeException: View path not found. in C:\Intel\e-learning\vendor\laravel\framework\src\Illuminate\Foundation\Console\ViewClearCommand.php:55
Stack trace:
#0 [internal function]: Illuminate\Foundation\Console\ViewClearCommand->fire()
#1 C:\Intel\e-learning\vendor\laravel\framework\src\Illuminate\Container\BoundMethod.php(29): call_user_func_array(Array, Array)
#2 C:\Intel\e-learning\vendor\laravel\framework\src\Illuminate\Container\BoundMethod.php(87): Illuminate\Container\BoundMethod::Illuminate\Container\{closure}()
#3 C:\Intel\e-learning\vendor\laravel\framework\src\Illuminate\Container\BoundMethod.php(31): Illuminate\Container\BoundMethod::callBoundMethod(Object(Illuminate\Foundation\Application), Array, Object(Closure))
#4 C:\Intel\e-learning\vendor\laravel\framework\src\Illuminate\Container\Container.php(539): Illuminate\Container\BoundMethod::call(Object(Illuminate\Foundation\Application), Array, Array, NULL)
#5 C:\Intel\e-learning\vendor\laravel\framework\src\Illuminate\Console\Command.php(182): Illuminate\Container\Container->call(Array)
#6 C:\Intel\e-learning\vendor\symfony\console\Command\Command.php(264): Illuminate\Console\Command->execute(Object(Symfony\Component\Console\Input\ArgvInput), Object(Illuminate\Console\OutputStyle))
#7 C:\Intel\e-learning\vendor\laravel\framework\src\Illuminate\Console\Command.php(167): Symfony\Component\Console\Command\Command->run(Object(Symfony\Component\Console\Input\ArgvInput), Object(Illuminate\Console\OutputStyle))
#8 C:\Intel\e-learning\vendor\symfony\console\Application.php(888): Illuminate\Console\Command->run(Object(Symfony\Component\Console\Input\ArgvInput), Object(Symfony\Component\Console\Output\ConsoleOutput))
#9 C:\Intel\e-learning\vendor\symfony\console\Application.php(224): Symfony\Component\Console\Application->doRunCommand(Object(Illuminate\Foundation\Console\ViewClearCommand), Object(Symfony\Component\Console\Input\ArgvInput), Object(Symfony\Component\Console\Output\ConsoleOutput))
#10 C:\Intel\e-learning\vendor\symfony\console\Application.php(125): Symfony\Component\Console\Application->doRun(Object(Symfony\Component\Console\Input\ArgvInput), Object(Symfony\Component\Console\Output\ConsoleOutput))
#11 C:\Intel\e-learning\vendor\laravel\framework\src\Illuminate\Foundation\Console\Kernel.php(122): Symfony\Component\Console\Application->run(Object(Symfony\Component\Console\Input\ArgvInput), Object(Symfony\Component\Console\Output\ConsoleOutput))
#12 C:\Intel\e-learning\artisan(35): Illuminate\Foundation\Console\Kernel->handle(Object(Symfony\Component\Console\Input\ArgvInput), Object(Symfony\Component\Console\Output\ConsoleOutput))
#13 {main}  
[2017-09-08 03:45:55] local.ERROR: exception 'ReflectionException' with message 'Class DepartmentSeeder does not exist' in H:\bitbucket\e-learning\vendor\laravel\framework\src\Illuminate\Container\Container.php:729
Stack trace:
#0 H:\bitbucket\e-learning\vendor\laravel\framework\src\Illuminate\Container\Container.php(729): ReflectionClass->__construct('DepartmentSeede...')
#1 H:\bitbucket\e-learning\vendor\laravel\framework\src\Illuminate\Container\Container.php(608): Illuminate\Container\Container->build('DepartmentSeede...')
#2 H:\bitbucket\e-learning\vendor\laravel\framework\src\Illuminate\Container\Container.php(575): Illuminate\Container\Container->resolve('DepartmentSeede...')
#3 H:\bitbucket\e-learning\vendor\laravel\framework\src\Illuminate\Foundation\Application.php(728): Illuminate\Container\Container->make('DepartmentSeede...')
#4 H:\bitbucket\e-learning\vendor\laravel\framework\src\Illuminate\Database\Seeder.php(60): Illuminate\Foundation\Application->make('DepartmentSeede...')
#5 H:\bitbucket\e-learning\vendor\laravel\framework\src\Illuminate\Database\Seeder.php(37): Illuminate\Database\Seeder->resolve('DepartmentSeede...')
#6 H:\bitbucket\e-learning\database\seeds\DatabaseSeeder.php(15): Illuminate\Database\Seeder->call('DepartmentSeede...')
#7 [internal function]: DatabaseSeeder->run()
#8 H:\bitbucket\e-learning\vendor\laravel\framework\src\Illuminate\Container\BoundMethod.php(30): call_user_func_array(Array, Array)
#9 H:\bitbucket\e-learning\vendor\laravel\framework\src\Illuminate\Container\BoundMethod.php(87): Illuminate\Container\BoundMethod::Illuminate\Container\{closure}()
#10 H:\bitbucket\e-learning\vendor\laravel\framework\src\Illuminate\Container\BoundMethod.php(31): Illuminate\Container\BoundMethod::callBoundMethod(Object(Illuminate\Foundation\Application), Array, Object(Closure))
#11 H:\bitbucket\e-learning\vendor\laravel\framework\src\Illuminate\Container\Container.php(539): Illuminate\Container\BoundMethod::call(Object(Illuminate\Foundation\Application), Array, Array, NULL)
#12 H:\bitbucket\e-learning\vendor\laravel\framework\src\Illuminate\Database\Seeder.php(114): Illuminate\Container\Container->call(Array)
#13 H:\bitbucket\e-learning\vendor\laravel\framework\src\Illuminate\Database\Console\Seeds\SeedCommand.php(63): Illuminate\Database\Seeder->__invoke()
#14 H:\bitbucket\e-learning\vendor\laravel\framework\src\Illuminate\Database\Eloquent\Concerns\GuardsAttributes.php(122): Illuminate\Database\Console\Seeds\SeedCommand->Illuminate\Database\Console\Seeds\{closure}()
#15 H:\bitbucket\e-learning\vendor\laravel\framework\src\Illuminate\Database\Console\Seeds\SeedCommand.php(64): Illuminate\Database\Eloquent\Model::unguarded(Object(Closure))
#16 [internal function]: Illuminate\Database\Console\Seeds\SeedCommand->fire()
#17 H:\bitbucket\e-learning\vendor\laravel\framework\src\Illuminate\Container\BoundMethod.php(30): call_user_func_array(Array, Array)
#18 H:\bitbucket\e-learning\vendor\laravel\framework\src\Illuminate\Container\BoundMethod.php(87): Illuminate\Container\BoundMethod::Illuminate\Container\{closure}()
#19 H:\bitbucket\e-learning\vendor\laravel\framework\src\Illuminate\Container\BoundMethod.php(31): Illuminate\Container\BoundMethod::callBoundMethod(Object(Illuminate\Foundation\Application), Array, Object(Closure))
#20 H:\bitbucket\e-learning\vendor\laravel\framework\src\Illuminate\Container\Container.php(539): Illuminate\Container\BoundMethod::call(Object(Illuminate\Foundation\Application), Array, Array, NULL)
#21 H:\bitbucket\e-learning\vendor\laravel\framework\src\Illuminate\Console\Command.php(182): Illuminate\Container\Container->call(Array)
#22 H:\bitbucket\e-learning\vendor\symfony\console\Command\Command.php(264): Illuminate\Console\Command->execute(Object(Symfony\Component\Console\Input\ArrayInput), Object(Illuminate\Console\OutputStyle))
#23 H:\bitbucket\e-learning\vendor\laravel\framework\src\Illuminate\Console\Command.php(168): Symfony\Component\Console\Command\Command->run(Object(Symfony\Component\Console\Input\ArrayInput), Object(Illuminate\Console\OutputStyle))
#24 H:\bitbucket\e-learning\vendor\laravel\framework\src\Illuminate\Console\Command.php(198): Illuminate\Console\Command->run(Object(Symfony\Component\Console\Input\ArrayInput), Object(Illuminate\Console\OutputStyle))
#25 H:\bitbucket\e-learning\vendor\laravel\framework\src\Illuminate\Database\Console\Migrations\RefreshCommand.php(130): Illuminate\Console\Command->call('db:seed', Array)
#26 H:\bitbucket\e-learning\vendor\laravel\framework\src\Illuminate\Database\Console\Migrations\RefreshCommand.php(68): Illuminate\Database\Console\Migrations\RefreshCommand->runSeeder(NULL)
#27 [internal function]: Illuminate\Database\Console\Migrations\RefreshCommand->fire()
#28 H:\bitbucket\e-learning\vendor\laravel\framework\src\Illuminate\Container\BoundMethod.php(30): call_user_func_array(Array, Array)
#29 H:\bitbucket\e-learning\vendor\laravel\framework\src\Illuminate\Container\BoundMethod.php(87): Illuminate\Container\BoundMethod::Illuminate\Container\{closure}()
#30 H:\bitbucket\e-learning\vendor\laravel\framework\src\Illuminate\Container\BoundMethod.php(31): Illuminate\Container\BoundMethod::callBoundMethod(Object(Illuminate\Foundation\Application), Array, Object(Closure))
#31 H:\bitbucket\e-learning\vendor\laravel\framework\src\Illuminate\Container\Container.php(539): Illuminate\Container\BoundMethod::call(Object(Illuminate\Foundation\Application), Array, Array, NULL)
#32 H:\bitbucket\e-learning\vendor\laravel\framework\src\Illuminate\Console\Command.php(182): Illuminate\Container\Container->call(Array)
#33 H:\bitbucket\e-learning\vendor\symfony\console\Command\Command.php(264): Illuminate\Console\Command->execute(Object(Symfony\Component\Console\Input\ArgvInput), Object(Illuminate\Console\OutputStyle))
#34 H:\bitbucket\e-learning\vendor\laravel\framework\src\Illuminate\Console\Command.php(168): Symfony\Component\Console\Command\Command->run(Object(Symfony\Component\Console\Input\ArgvInput), Object(Illuminate\Console\OutputStyle))
#35 H:\bitbucket\e-learning\vendor\symfony\console\Application.php(874): Illuminate\Console\Command->run(Object(Symfony\Component\Console\Input\ArgvInput), Object(Symfony\Component\Console\Output\ConsoleOutput))
#36 H:\bitbucket\e-learning\vendor\symfony\console\Application.php(228): Symfony\Component\Console\Application->doRunCommand(Object(Illuminate\Database\Console\Migrations\RefreshCommand), Object(Symfony\Component\Console\Input\ArgvInput), Object(Symfony\Component\Console\Output\ConsoleOutput))
#37 H:\bitbucket\e-learning\vendor\symfony\console\Application.php(130): Symfony\Component\Console\Application->doRun(Object(Symfony\Component\Console\Input\ArgvInput), Object(Symfony\Component\Console\Output\ConsoleOutput))
#38 H:\bitbucket\e-learning\vendor\laravel\framework\src\Illuminate\Foundation\Console\Kernel.php(122): Symfony\Component\Console\Application->run(Object(Symfony\Component\Console\Input\ArgvInput), Object(Symfony\Component\Console\Output\ConsoleOutput))
#39 H:\bitbucket\e-learning\artisan(36): Illuminate\Foundation\Console\Kernel->handle(Object(Symfony\Component\Console\Input\ArgvInput), Object(Symfony\Component\Console\Output\ConsoleOutput))
#40 {main}  
[2017-09-08 03:59:51] local.ERROR: exception 'InvalidArgumentException' with message 'Route [getQuestionsMakerPage] not defined.' in H:\bitbucket\e-learning\vendor\laravel\framework\src\Illuminate\Routing\UrlGenerator.php:304
Stack trace:
#0 H:\bitbucket\e-learning\vendor\laravel\framework\src\Illuminate\Foundation\helpers.php(709): Illuminate\Routing\UrlGenerator->route('getQuestionsMak...', Array, true)
#1 H:\bitbucket\e-learning\storage\framework\views\06ae96fc85514ad88729a9052648c2d22fcd6e2f.php(63): route('getQuestionsMak...')
#2 H:\bitbucket\e-learning\vendor\laravel\framework\src\Illuminate\View\Engines\PhpEngine.php(42): include('H:\\bitbucket\\e-...')
#3 H:\bitbucket\e-learning\vendor\laravel\framework\src\Illuminate\View\Engines\CompilerEngine.php(59): Illuminate\View\Engines\PhpEngine->evaluatePath('H:\\bitbucket\\e-...', Array)
#4 H:\bitbucket\e-learning\vendor\laravel\framework\src\Illuminate\View\View.php(137): Illuminate\View\Engines\CompilerEngine->get('H:\\bitbucket\\e-...', Array)
#5 H:\bitbucket\e-learning\vendor\laravel\framework\src\Illuminate\View\View.php(120): Illuminate\View\View->getContents()
#6 H:\bitbucket\e-learning\vendor\laravel\framework\src\Illuminate\View\View.php(85): Illuminate\View\View->renderContents()
#7 H:\bitbucket\e-learning\vendor\laravel\framework\src\Illuminate\Http\Response.php(38): Illuminate\View\View->render()
#8 H:\bitbucket\e-learning\vendor\symfony\http-foundation\Response.php(201): Illuminate\Http\Response->setContent(Object(Illuminate\View\View))
#9 H:\bitbucket\e-learning\vendor\laravel\framework\src\Illuminate\Routing\Router.php(617): Symfony\Component\HttpFoundation\Response->__construct(Object(Illuminate\View\View))
#10 H:\bitbucket\e-learning\vendor\laravel\framework\src\Illuminate\Routing\Router.php(575): Illuminate\Routing\Router->prepareResponse(Object(Illuminate\Http\Request), Object(Illuminate\View\View))
#11 H:\bitbucket\e-learning\vendor\laravel\framework\src\Illuminate\Routing\Pipeline.php(30): Illuminate\Routing\Router->Illuminate\Routing\{closure}(Object(Illuminate\Http\Request))
#12 H:\bitbucket\e-learning\app\Http\Middleware\TeacherAuthMiddleware.php(36): Illuminate\Routing\Pipeline->Illuminate\Routing\{closure}(Object(Illuminate\Http\Request))
#13 H:\bitbucket\e-learning\vendor\laravel\framework\src\Illuminate\Pipeline\Pipeline.php(148): App\Http\Middleware\TeacherAuthMiddleware->handle(Object(Illuminate\Http\Request), Object(Closure))
#14 H:\bitbucket\e-learning\vendor\laravel\framework\src\Illuminate\Routing\Pipeline.php(53): Illuminate\Pipeline\Pipeline->Illuminate\Pipeline\{closure}(Object(Illuminate\Http\Request))
#15 H:\bitbucket\e-learning\vendor\laravel\framework\src\Illuminate\Routing\Middleware\SubstituteBindings.php(41): Illuminate\Routing\Pipeline->Illuminate\Routing\{closure}(Object(Illuminate\Http\Request))
#16 H:\bitbucket\e-learning\vendor\laravel\framework\src\Illuminate\Pipeline\Pipeline.php(148): Illuminate\Routing\Middleware\SubstituteBindings->handle(Object(Illuminate\Http\Request), Object(Closure))
#17 H:\bitbucket\e-learning\vendor\laravel\framework\src\Illuminate\Routing\Pipeline.php(53): Illuminate\Pipeline\Pipeline->Illuminate\Pipeline\{closure}(Object(Illuminate\Http\Request))
#18 H:\bitbucket\e-learning\vendor\laravel\framework\src\Illuminate\Auth\Middleware\Authenticate.php(43): Illuminate\Routing\Pipeline->Illuminate\Routing\{closure}(Object(Illuminate\Http\Request))
#19 H:\bitbucket\e-learning\vendor\laravel\framework\src\Illuminate\Pipeline\Pipeline.php(148): Illuminate\Auth\Middleware\Authenticate->handle(Object(Illuminate\Http\Request), Object(Closure))
#20 H:\bitbucket\e-learning\vendor\laravel\framework\src\Illuminate\Routing\Pipeline.php(53): Illuminate\Pipeline\Pipeline->Illuminate\Pipeline\{closure}(Object(Illuminate\Http\Request))
#21 H:\bitbucket\e-learning\vendor\laravel\framework\src\Illuminate\Foundation\Http\Middleware\VerifyCsrfToken.php(65): Illuminate\Routing\Pipeline->Illuminate\Routing\{closure}(Object(Illuminate\Http\Request))
#22 H:\bitbucket\e-learning\vendor\laravel\framework\src\Illuminate\Pipeline\Pipeline.php(148): Illuminate\Foundation\Http\Middleware\VerifyCsrfToken->handle(Object(Illuminate\Http\Request), Object(Closure))
#23 H:\bitbucket\e-learning\vendor\laravel\framework\src\Illuminate\Routing\Pipeline.php(53): Illuminate\Pipeline\Pipeline->Illuminate\Pipeline\{closure}(Object(Illuminate\Http\Request))
#24 H:\bitbucket\e-learning\vendor\laravel\framework\src\Illuminate\View\Middleware\ShareErrorsFromSession.php(49): Illuminate\Routing\Pipeline->Illuminate\Routing\{closure}(Object(Illuminate\Http\Request))
#25 H:\bitbucket\e-learning\vendor\laravel\framework\src\Illuminate\Pipeline\Pipeline.php(148): Illuminate\View\Middleware\ShareErrorsFromSession->handle(Object(Illuminate\Http\Request), Object(Closure))
#26 H:\bitbucket\e-learning\vendor\laravel\framework\src\Illuminate\Routing\Pipeline.php(53): Illuminate\Pipeline\Pipeline->Illuminate\Pipeline\{closure}(Object(Illuminate\Http\Request))
#27 H:\bitbucket\e-learning\vendor\laravel\framework\src\Illuminate\Session\Middleware\StartSession.php(64): Illuminate\Routing\Pipeline->Illuminate\Routing\{closure}(Object(Illuminate\Http\Request))
#28 H:\bitbucket\e-learning\vendor\laravel\framework\src\Illuminate\Pipeline\Pipeline.php(148): Illuminate\Session\Middleware\StartSession->handle(Object(Illuminate\Http\Request), Object(Closure))
#29 H:\bitbucket\e-learning\vendor\laravel\framework\src\Illuminate\Routing\Pipeline.php(53): Illuminate\Pipeline\Pipeline->Illuminate\Pipeline\{closure}(Object(Illuminate\Http\Request))
#30 H:\bitbucket\e-learning\vendor\laravel\framework\src\Illuminate\Cookie\Middleware\AddQueuedCookiesToResponse.php(37): Illuminate\Routing\Pipeline->Illuminate\Routing\{closure}(Object(Illuminate\Http\Request))
#31 H:\bitbucket\e-learning\vendor\laravel\framework\src\Illuminate\Pipeline\Pipeline.php(148): Illuminate\Cookie\Middleware\AddQueuedCookiesToResponse->handle(Object(Illuminate\Http\Request), Object(Closure))
#32 H:\bitbucket\e-learning\vendor\laravel\framework\src\Illuminate\Routing\Pipeline.php(53): Illuminate\Pipeline\Pipeline->Illuminate\Pipeline\{closure}(Object(Illuminate\Http\Request))
#33 H:\bitbucket\e-learning\vendor\laravel\framework\src\Illuminate\Cookie\Middleware\EncryptCookies.php(59): Illuminate\Routing\Pipeline->Illuminate\Routing\{closure}(Object(Illuminate\Http\Request))
#34 H:\bitbucket\e-learning\vendor\laravel\framework\src\Illuminate\Pipeline\Pipeline.php(148): Illuminate\Cookie\Middleware\EncryptCookies->handle(Object(Illuminate\Http\Request), Object(Closure))
#35 H:\bitbucket\e-learning\vendor\laravel\framework\src\Illuminate\Routing\Pipeline.php(53): Illuminate\Pipeline\Pipeline->Illuminate\Pipeline\{closure}(Object(Illuminate\Http\Request))
#36 H:\bitbucket\e-learning\vendor\laravel\framework\src\Illuminate\Pipeline\Pipeline.php(102): Illuminate\Routing\Pipeline->Illuminate\Routing\{closure}(Object(Illuminate\Http\Request))
#37 H:\bitbucket\e-learning\vendor\laravel\framework\src\Illuminate\Routing\Router.php(576): Illuminate\Pipeline\Pipeline->then(Object(Closure))
#38 H:\bitbucket\e-learning\vendor\laravel\framework\src\Illuminate\Routing\Router.php(535): Illuminate\Routing\Router->runRouteWithinStack(Object(Illuminate\Routing\Route), Object(Illuminate\Http\Request))
#39 H:\bitbucket\e-learning\vendor\laravel\framework\src\Illuminate\Routing\Router.php(513): Illuminate\Routing\Router->dispatchToRoute(Object(Illuminate\Http\Request))
#40 H:\bitbucket\e-learning\vendor\laravel\framework\src\Illuminate\Foundation\Http\Kernel.php(176): Illuminate\Routing\Router->dispatch(Object(Illuminate\Http\Request))
#41 H:\bitbucket\e-learning\vendor\laravel\framework\src\Illuminate\Routing\Pipeline.php(30): Illuminate\Foundation\Http\Kernel->Illuminate\Foundation\Http\{closure}(Object(Illuminate\Http\Request))
#42 H:\bitbucket\e-learning\vendor\laravel\framework\src\Illuminate\Foundation\Http\Middleware\TransformsRequest.php(30): Illuminate\Routing\Pipeline->Illuminate\Routing\{closure}(Object(Illuminate\Http\Request))
#43 H:\bitbucket\e-learning\vendor\laravel\framework\src\Illuminate\Pipeline\Pipeline.php(148): Illuminate\Foundation\Http\Middleware\TransformsRequest->handle(Object(Illuminate\Http\Request), Object(Closure))
#44 H:\bitbucket\e-learning\vendor\laravel\framework\src\Illuminate\Routing\Pipeline.php(53): Illuminate\Pipeline\Pipeline->Illuminate\Pipeline\{closure}(Object(Illuminate\Http\Request))
#45 H:\bitbucket\e-learning\vendor\laravel\framework\src\Illuminate\Foundation\Http\Middleware\TransformsRequest.php(30): Illuminate\Routing\Pipeline->Illuminate\Routing\{closure}(Object(Illuminate\Http\Request))
#46 H:\bitbucket\e-learning\vendor\laravel\framework\src\Illuminate\Pipeline\Pipeline.php(148): Illuminate\Foundation\Http\Middleware\TransformsRequest->handle(Object(Illuminate\Http\Request), Object(Closure))
#47 H:\bitbucket\e-learning\vendor\laravel\framework\src\Illuminate\Routing\Pipeline.php(53): Illuminate\Pipeline\Pipeline->Illuminate\Pipeline\{closure}(Object(Illuminate\Http\Request))
#48 H:\bitbucket\e-learning\vendor\laravel\framework\src\Illuminate\Foundation\Http\Middleware\ValidatePostSize.php(27): Illuminate\Routing\Pipeline->Illuminate\Routing\{closure}(Object(Illuminate\Http\Request))
#49 H:\bitbucket\e-learning\vendor\laravel\framework\src\Illuminate\Pipeline\Pipeline.php(148): Illuminate\Foundation\Http\Middleware\ValidatePostSize->handle(Object(Illuminate\Http\Request), Object(Closure))
#50 H:\bitbucket\e-learning\vendor\laravel\framework\src\Illuminate\Routing\Pipeline.php(53): Illuminate\Pipeline\Pipeline->Illuminate\Pipeline\{closure}(Object(Illuminate\Http\Request))
#51 H:\bitbucket\e-learning\vendor\laravel\framework\src\Illuminate\Foundation\Http\Middleware\CheckForMaintenanceMode.php(46): Illuminate\Routing\Pipeline->Illuminate\Routing\{closure}(Object(Illuminate\Http\Request))
#52 H:\bitbucket\e-learning\vendor\laravel\framework\src\Illuminate\Pipeline\Pipeline.php(148): Illuminate\Foundation\Http\Middleware\CheckForMaintenanceMode->handle(Object(Illuminate\Http\Request), Object(Closure))
#53 H:\bitbucket\e-learning\vendor\laravel\framework\src\Illuminate\Routing\Pipeline.php(53): Illuminate\Pipeline\Pipeline->Illuminate\Pipeline\{closure}(Object(Illuminate\Http\Request))
#54 H:\bitbucket\e-learning\vendor\laravel\framework\src\Illuminate\Pipeline\Pipeline.php(102): Illuminate\Routing\Pipeline->Illuminate\Routing\{closure}(Object(Illuminate\Http\Request))
#55 H:\bitbucket\e-learning\vendor\laravel\framework\src\Illuminate\Foundation\Http\Kernel.php(151): Illuminate\Pipeline\Pipeline->then(Object(Closure))
#56 H:\bitbucket\e-learning\vendor\laravel\framework\src\Illuminate\Foundation\Http\Kernel.php(116): Illuminate\Foundation\Http\Kernel->sendRequestThroughRouter(Object(Illuminate\Http\Request))
#57 H:\bitbucket\e-learning\public\index.php(54): Illuminate\Foundation\Http\Kernel->handle(Object(Illuminate\Http\Request))
#58 H:\bitbucket\e-learning\server.php(21): require_once('H:\\bitbucket\\e-...')
#59 {main}

Next exception 'ErrorException' with message 'Route [getQuestionsMakerPage] not defined. (View: H:\bitbucket\e-learning\resources\views\teacher\question\question_file_list.blade.php)' in H:\bitbucket\e-learning\vendor\laravel\framework\src\Illuminate\Routing\UrlGenerator.php:304
Stack trace:
#0 H:\bitbucket\e-learning\vendor\laravel\framework\src\Illuminate\View\Engines\PhpEngine.php(44): Illuminate\View\Engines\CompilerEngine->handleViewException(Object(InvalidArgumentException), 1)
#1 H:\bitbucket\e-learning\vendor\laravel\framework\src\Illuminate\View\Engines\CompilerEngine.php(59): Illuminate\View\Engines\PhpEngine->evaluatePath('H:\\bitbucket\\e-...', Array)
#2 H:\bitbucket\e-learning\vendor\laravel\framework\src\Illuminate\View\View.php(137): Illuminate\View\Engines\CompilerEngine->get('H:\\bitbucket\\e-...', Array)
#3 H:\bitbucket\e-learning\vendor\laravel\framework\src\Illuminate\View\View.php(120): Illuminate\View\View->getContents()
#4 H:\bitbucket\e-learning\vendor\laravel\framework\src\Illuminate\View\View.php(85): Illuminate\View\View->renderContents()
#5 H:\bitbucket\e-learning\vendor\laravel\framework\src\Illuminate\Http\Response.php(38): Illuminate\View\View->render()
#6 H:\bitbucket\e-learning\vendor\symfony\http-foundation\Response.php(201): Illuminate\Http\Response->setContent(Object(Illuminate\View\View))
#7 H:\bitbucket\e-learning\vendor\laravel\framework\src\Illuminate\Routing\Router.php(617): Symfony\Component\HttpFoundation\Response->__construct(Object(Illuminate\View\View))
#8 H:\bitbucket\e-learning\vendor\laravel\framework\src\Illuminate\Routing\Router.php(575): Illuminate\Routing\Router->prepareResponse(Object(Illuminate\Http\Request), Object(Illuminate\View\View))
#9 H:\bitbucket\e-learning\vendor\laravel\framework\src\Illuminate\Routing\Pipeline.php(30): Illuminate\Routing\Router->Illuminate\Routing\{closure}(Object(Illuminate\Http\Request))
#10 H:\bitbucket\e-learning\app\Http\Middleware\TeacherAuthMiddleware.php(36): Illuminate\Routing\Pipeline->Illuminate\Routing\{closure}(Object(Illuminate\Http\Request))
#11 H:\bitbucket\e-learning\vendor\laravel\framework\src\Illuminate\Pipeline\Pipeline.php(148): App\Http\Middleware\TeacherAuthMiddleware->handle(Object(Illuminate\Http\Request), Object(Closure))
#12 H:\bitbucket\e-learning\vendor\laravel\framework\src\Illuminate\Routing\Pipeline.php(53): Illuminate\Pipeline\Pipeline->Illuminate\Pipeline\{closure}(Object(Illuminate\Http\Request))
#13 H:\bitbucket\e-learning\vendor\laravel\framework\src\Illuminate\Routing\Middleware\SubstituteBindings.php(41): Illuminate\Routing\Pipeline->Illuminate\Routing\{closure}(Object(Illuminate\Http\Request))
#14 H:\bitbucket\e-learning\vendor\laravel\framework\src\Illuminate\Pipeline\Pipeline.php(148): Illuminate\Routing\Middleware\SubstituteBindings->handle(Object(Illuminate\Http\Request), Object(Closure))
#15 H:\bitbucket\e-learning\vendor\laravel\framework\src\Illuminate\Routing\Pipeline.php(53): Illuminate\Pipeline\Pipeline->Illuminate\Pipeline\{closure}(Object(Illuminate\Http\Request))
#16 H:\bitbucket\e-learning\vendor\laravel\framework\src\Illuminate\Auth\Middleware\Authenticate.php(43): Illuminate\Routing\Pipeline->Illuminate\Routing\{closure}(Object(Illuminate\Http\Request))
#17 H:\bitbucket\e-learning\vendor\laravel\framework\src\Illuminate\Pipeline\Pipeline.php(148): Illuminate\Auth\Middleware\Authenticate->handle(Object(Illuminate\Http\Request), Object(Closure))
#18 H:\bitbucket\e-learning\vendor\laravel\framework\src\Illuminate\Routing\Pipeline.php(53): Illuminate\Pipeline\Pipeline->Illuminate\Pipeline\{closure}(Object(Illuminate\Http\Request))
#19 H:\bitbucket\e-learning\vendor\laravel\framework\src\Illuminate\Foundation\Http\Middleware\VerifyCsrfToken.php(65): Illuminate\Routing\Pipeline->Illuminate\Routing\{closure}(Object(Illuminate\Http\Request))
#20 H:\bitbucket\e-learning\vendor\laravel\framework\src\Illuminate\Pipeline\Pipeline.php(148): Illuminate\Foundation\Http\Middleware\VerifyCsrfToken->handle(Object(Illuminate\Http\Request), Object(Closure))
#21 H:\bitbucket\e-learning\vendor\laravel\framework\src\Illuminate\Routing\Pipeline.php(53): Illuminate\Pipeline\Pipeline->Illuminate\Pipeline\{closure}(Object(Illuminate\Http\Request))
#22 H:\bitbucket\e-learning\vendor\laravel\framework\src\Illuminate\View\Middleware\ShareErrorsFromSession.php(49): Illuminate\Routing\Pipeline->Illuminate\Routing\{closure}(Object(Illuminate\Http\Request))
#23 H:\bitbucket\e-learning\vendor\laravel\framework\src\Illuminate\Pipeline\Pipeline.php(148): Illuminate\View\Middleware\ShareErrorsFromSession->handle(Object(Illuminate\Http\Request), Object(Closure))
#24 H:\bitbucket\e-learning\vendor\laravel\framework\src\Illuminate\Routing\Pipeline.php(53): Illuminate\Pipeline\Pipeline->Illuminate\Pipeline\{closure}(Object(Illuminate\Http\Request))
#25 H:\bitbucket\e-learning\vendor\laravel\framework\src\Illuminate\Session\Middleware\StartSession.php(64): Illuminate\Routing\Pipeline->Illuminate\Routing\{closure}(Object(Illuminate\Http\Request))
#26 H:\bitbucket\e-learning\vendor\laravel\framework\src\Illuminate\Pipeline\Pipeline.php(148): Illuminate\Session\Middleware\StartSession->handle(Object(Illuminate\Http\Request), Object(Closure))
#27 H:\bitbucket\e-learning\vendor\laravel\framework\src\Illuminate\Routing\Pipeline.php(53): Illuminate\Pipeline\Pipeline->Illuminate\Pipeline\{closure}(Object(Illuminate\Http\Request))
#28 H:\bitbucket\e-learning\vendor\laravel\framework\src\Illuminate\Cookie\Middleware\AddQueuedCookiesToResponse.php(37): Illuminate\Routing\Pipeline->Illuminate\Routing\{closure}(Object(Illuminate\Http\Request))
#29 H:\bitbucket\e-learning\vendor\laravel\framework\src\Illuminate\Pipeline\Pipeline.php(148): Illuminate\Cookie\Middleware\AddQueuedCookiesToResponse->handle(Object(Illuminate\Http\Request), Object(Closure))
#30 H:\bitbucket\e-learning\vendor\laravel\framework\src\Illuminate\Routing\Pipeline.php(53): Illuminate\Pipeline\Pipeline->Illuminate\Pipeline\{closure}(Object(Illuminate\Http\Request))
#31 H:\bitbucket\e-learning\vendor\laravel\framework\src\Illuminate\Cookie\Middleware\EncryptCookies.php(59): Illuminate\Routing\Pipeline->Illuminate\Routing\{closure}(Object(Illuminate\Http\Request))
#32 H:\bitbucket\e-learning\vendor\laravel\framework\src\Illuminate\Pipeline\Pipeline.php(148): Illuminate\Cookie\Middleware\EncryptCookies->handle(Object(Illuminate\Http\Request), Object(Closure))
#33 H:\bitbucket\e-learning\vendor\laravel\framework\src\Illuminate\Routing\Pipeline.php(53): Illuminate\Pipeline\Pipeline->Illuminate\Pipeline\{closure}(Object(Illuminate\Http\Request))
#34 H:\bitbucket\e-learning\vendor\laravel\framework\src\Illuminate\Pipeline\Pipeline.php(102): Illuminate\Routing\Pipeline->Illuminate\Routing\{closure}(Object(Illuminate\Http\Request))
#35 H:\bitbucket\e-learning\vendor\laravel\framework\src\Illuminate\Routing\Router.php(576): Illuminate\Pipeline\Pipeline->then(Object(Closure))
#36 H:\bitbucket\e-learning\vendor\laravel\framework\src\Illuminate\Routing\Router.php(535): Illuminate\Routing\Router->runRouteWithinStack(Object(Illuminate\Routing\Route), Object(Illuminate\Http\Request))
#37 H:\bitbucket\e-learning\vendor\laravel\framework\src\Illuminate\Routing\Router.php(513): Illuminate\Routing\Router->dispatchToRoute(Object(Illuminate\Http\Request))
#38 H:\bitbucket\e-learning\vendor\laravel\framework\src\Illuminate\Foundation\Http\Kernel.php(176): Illuminate\Routing\Router->dispatch(Object(Illuminate\Http\Request))
#39 H:\bitbucket\e-learning\vendor\laravel\framework\src\Illuminate\Routing\Pipeline.php(30): Illuminate\Foundation\Http\Kernel->Illuminate\Foundation\Http\{closure}(Object(Illuminate\Http\Request))
#40 H:\bitbucket\e-learning\vendor\laravel\framework\src\Illuminate\Foundation\Http\Middleware\TransformsRequest.php(30): Illuminate\Routing\Pipeline->Illuminate\Routing\{closure}(Object(Illuminate\Http\Request))
#41 H:\bitbucket\e-learning\vendor\laravel\framework\src\Illuminate\Pipeline\Pipeline.php(148): Illuminate\Foundation\Http\Middleware\TransformsRequest->handle(Object(Illuminate\Http\Request), Object(Closure))
#42 H:\bitbucket\e-learning\vendor\laravel\framework\src\Illuminate\Routing\Pipeline.php(53): Illuminate\Pipeline\Pipeline->Illuminate\Pipeline\{closure}(Object(Illuminate\Http\Request))
#43 H:\bitbucket\e-learning\vendor\laravel\framework\src\Illuminate\Foundation\Http\Middleware\TransformsRequest.php(30): Illuminate\Routing\Pipeline->Illuminate\Routing\{closure}(Object(Illuminate\Http\Request))
#44 H:\bitbucket\e-learning\vendor\laravel\framework\src\Illuminate\Pipeline\Pipeline.php(148): Illuminate\Foundation\Http\Middleware\TransformsRequest->handle(Object(Illuminate\Http\Request), Object(Closure))
#45 H:\bitbucket\e-learning\vendor\laravel\framework\src\Illuminate\Routing\Pipeline.php(53): Illuminate\Pipeline\Pipeline->Illuminate\Pipeline\{closure}(Object(Illuminate\Http\Request))
#46 H:\bitbucket\e-learning\vendor\laravel\framework\src\Illuminate\Foundation\Http\Middleware\ValidatePostSize.php(27): Illuminate\Routing\Pipeline->Illuminate\Routing\{closure}(Object(Illuminate\Http\Request))
#47 H:\bitbucket\e-learning\vendor\laravel\framework\src\Illuminate\Pipeline\Pipeline.php(148): Illuminate\Foundation\Http\Middleware\ValidatePostSize->handle(Object(Illuminate\Http\Request), Object(Closure))
#48 H:\bitbucket\e-learning\vendor\laravel\framework\src\Illuminate\Routing\Pipeline.php(53): Illuminate\Pipeline\Pipeline->Illuminate\Pipeline\{closure}(Object(Illuminate\Http\Request))
#49 H:\bitbucket\e-learning\vendor\laravel\framework\src\Illuminate\Foundation\Http\Middleware\CheckForMaintenanceMode.php(46): Illuminate\Routing\Pipeline->Illuminate\Routing\{closure}(Object(Illuminate\Http\Request))
#50 H:\bitbucket\e-learning\vendor\laravel\framework\src\Illuminate\Pipeline\Pipeline.php(148): Illuminate\Foundation\Http\Middleware\CheckForMaintenanceMode->handle(Object(Illuminate\Http\Request), Object(Closure))
#51 H:\bitbucket\e-learning\vendor\laravel\framework\src\Illuminate\Routing\Pipeline.php(53): Illuminate\Pipeline\Pipeline->Illuminate\Pipeline\{closure}(Object(Illuminate\Http\Request))
#52 H:\bitbucket\e-learning\vendor\laravel\framework\src\Illuminate\Pipeline\Pipeline.php(102): Illuminate\Routing\Pipeline->Illuminate\Routing\{closure}(Object(Illuminate\Http\Request))
#53 H:\bitbucket\e-learning\vendor\laravel\framework\src\Illuminate\Foundation\Http\Kernel.php(151): Illuminate\Pipeline\Pipeline->then(Object(Closure))
#54 H:\bitbucket\e-learning\vendor\laravel\framework\src\Illuminate\Foundation\Http\Kernel.php(116): Illuminate\Foundation\Http\Kernel->sendRequestThroughRouter(Object(Illuminate\Http\Request))
#55 H:\bitbucket\e-learning\public\index.php(54): Illuminate\Foundation\Http\Kernel->handle(Object(Illuminate\Http\Request))
#56 H:\bitbucket\e-learning\server.php(21): require_once('H:\\bitbucket\\e-...')
#57 {main}  
